<?xml version="1.0" encoding="UTF-8"?>
<!-- Generated by org.testng.reporters.JUnitReportReporter -->
<testsuite hostname="IND-L-AADXBK9KO" failures="0" tests="1" name="mapAPI.AddPlace" time="2.305" errors="0" timestamp="2024-07-17T00:01:37 IST" skipped="0">
  <testcase classname="mapAPI.AddPlace" name="addPlace" time="2.305"/>
  <system-out/>
</testsuite> <!-- mapAPI.AddPlace -->
